23:47:15 **** Build of configuration Debug for project systemHandler ****
make all 
Building file: ../external_eeprom.c
Invoking: AVR Compiler
avr-gcc -Wall -g2 -gstabs -O0 -fpack-struct -fshort-enums -ffunction-sections -fdata-sections -std=gnu99 -funsigned-char -funsigned-bitfields -mmcu=atmega16 -DF_CPU=1000000UL -MMD -MP -MF"external_eeprom.d" -MT"external_eeprom.o" -c -o "external_eeprom.o" "../external_eeprom.c"
In file included from ../i2c.h:18,
                 from ../external_eeprom.c:12:
c:/winavr-20100110/lib/gcc/../../avr/include/util/delay.h:90:3: warning: #warning "Compiler optimizations disabled; functions from <util/delay.h> won't work as designed"
Finished building: ../external_eeprom.c
 
Building file: ../i2c.c
Invoking: AVR Compiler
avr-gcc -Wall -g2 -gstabs -O0 -fpack-struct -fshort-enums -ffunction-sections -fdata-sections -std=gnu99 -funsigned-char -funsigned-bitfields -mmcu=atmega16 -DF_CPU=1000000UL -MMD -MP -MF"i2c.d" -MT"i2c.o" -c -o "i2c.o" "../i2c.c"
In file included from ../i2c.h:18,
                 from ../i2c.c:13:
c:/winavr-20100110/lib/gcc/../../avr/include/util/delay.h:90:3: warning: #warning "Compiler optimizations disabled; functions from <util/delay.h> won't work as designed"
Finished building: ../i2c.c
 
Building file: ../system.c
Invoking: AVR Compiler
avr-gcc -Wall -g2 -gstabs -O0 -fpack-struct -fshort-enums -ffunction-sections -fdata-sections -std=gnu99 -funsigned-char -funsigned-bitfields -mmcu=atmega16 -DF_CPU=1000000UL -MMD -MP -MF"system.d" -MT"system.o" -c -o "system.o" "../system.c"
In file included from ../uart.h:13,
                 from ../system.c:8:
c:/winavr-20100110/lib/gcc/../../avr/include/util/delay.h:90:3: warning: #warning "Compiler optimizations disabled; functions from <util/delay.h> won't work as designed"
../system.c: In function 'main':
../system.c:66: error: 'timerCounter' undeclared (first use in this function)
../system.c:66: error: (Each undeclared identifier is reported only once
../system.c:66: error: for each function it appears in.)
make: *** [system.o] Error 1
23:47:39 **** Incremental Build of configuration Debug for project systemHandler ****
make all 
Building file: ../system.c
Invoking: AVR Compiler
avr-gcc -Wall -g2 -gstabs -O0 -fpack-struct -fshort-enums -ffunction-sections -fdata-sections -std=gnu99 -funsigned-char -funsigned-bitfields -mmcu=atmega16 -DF_CPU=1000000UL -MMD -MP -MF"system.d" -MT"system.o" -c -o "system.o" "../system.c"
In file included from ../uart.h:13,
                 from ../system.c:8:
c:/winavr-20100110/lib/gcc/../../avr/include/util/delay.h:90:3: warning: #warning "Compiler optimizations disabled; functions from <util/delay.h> won't work as designed"
Finished building: ../system.c
 
Building file: ../timer1.c
Invoking: AVR Compiler
avr-gcc -Wall -g2 -gstabs -O0 -fpack-struct -fshort-enums -ffunction-sections -fdata-sections -std=gnu99 -funsigned-char -funsigned-bitfields -mmcu=atmega16 -DF_CPU=1000000UL -MMD -MP -MF"timer1.d" -MT"timer1.o" -c -o "timer1.o" "../timer1.c"
In file included from ../timer1.h:13,
                 from ../timer1.c:7:
c:/winavr-20100110/lib/gcc/../../avr/include/util/delay.h:90:3: warning: #warning "Compiler optimizations disabled; functions from <util/delay.h> won't work as designed"
Finished building: ../timer1.c
 
Building file: ../uart.c
Invoking: AVR Compiler
avr-gcc -Wall -g2 -gstabs -O0 -fpack-struct -fshort-enums -ffunction-sections -fdata-sections -std=gnu99 -funsigned-char -funsigned-bitfields -mmcu=atmega16 -DF_CPU=1000000UL -MMD -MP -MF"uart.d" -MT"uart.o" -c -o "uart.o" "../uart.c"
In file included from ../uart.h:13,
                 from ../uart.c:9:
c:/winavr-20100110/lib/gcc/../../avr/include/util/delay.h:90:3: warning: #warning "Compiler optimizations disabled; functions from <util/delay.h> won't work as designed"
Finished building: ../uart.c
 
Building target: systemHandler.elf
Invoking: AVR C Linker
avr-gcc -Wl,-Map,systemHandler.map -mmcu=atmega16 -o "systemHandler.elf"  ./external_eeprom.o ./i2c.o ./system.o ./timer1.o ./uart.o   
Finished building target: systemHandler.elf
 
Invoking: AVR Create Extended Listing
avr-objdump -h -S systemHandler.elf  >"systemHandler.lss"
Finished building: systemHandler.lss
 
Invoking: Print Size
avr-size --format=avr --mcu=atmega16 systemHandler.elf
AVR Memory Usage
----------------
Device: atmega16

Program:    2068 bytes (12.6% Full)
(.text + .data + .bootloader)

Data:        205 bytes (20.0% Full)
(.data + .bss + .noinit)


Finished building: sizedummy
 
23:47:40 **** Incremental Build of configuration Debug for project userInterface ****
make all 
Invoking: Print Size
avr-size --format=avr --mcu=atmega16 userInterface.elf
AVR Memory Usage
----------------
Device: atmega16

Program:   13076 bytes (79.8% Full)
(.text + .data + .bootloader)

Data:        225 bytes (22.0% Full)
(.data + .bss + .noinit)


Finished building: sizedummy
 
23:49:16 **** Incremental Build of configuration Debug for project systemHandler ****
make all 
Building file: ../timer1.c
Invoking: AVR Compiler
avr-gcc -Wall -g2 -gstabs -O0 -fpack-struct -fshort-enums -ffunction-sections -fdata-sections -std=gnu99 -funsigned-char -funsigned-bitfields -mmcu=atmega16 -DF_CPU=1000000UL -MMD -MP -MF"timer1.d" -MT"timer1.o" -c -o "timer1.o" "../timer1.c"
In file included from ../timer1.h:13,
                 from ../timer1.c:7:
c:/winavr-20100110/lib/gcc/../../avr/include/util/delay.h:90:3: warning: #warning "Compiler optimizations disabled; functions from <util/delay.h> won't work as designed"
../timer1.c: In function '__vector_8':
../timer1.c:27: error: expected declaration or statement at end of input
make: *** [timer1.o] Error 1
23:49:16 **** Incremental Build of configuration Debug for project userInterface ****
make all 
Invoking: Print Size
avr-size --format=avr --mcu=atmega16 userInterface.elf
AVR Memory Usage
----------------
Device: atmega16

Program:   13076 bytes (79.8% Full)
(.text + .data + .bootloader)

Data:        225 bytes (22.0% Full)
(.data + .bss + .noinit)


Finished building: sizedummy
 
23:49:23 **** Incremental Build of configuration Debug for project systemHandler ****
make all 
Building file: ../timer1.c
Invoking: AVR Compiler
avr-gcc -Wall -g2 -gstabs -O0 -fpack-struct -fshort-enums -ffunction-sections -fdata-sections -std=gnu99 -funsigned-char -funsigned-bitfields -mmcu=atmega16 -DF_CPU=1000000UL -MMD -MP -MF"timer1.d" -MT"timer1.o" -c -o "timer1.o" "../timer1.c"
In file included from ../timer1.h:13,
                 from ../timer1.c:7:
c:/winavr-20100110/lib/gcc/../../avr/include/util/delay.h:90:3: warning: #warning "Compiler optimizations disabled; functions from <util/delay.h> won't work as designed"
Finished building: ../timer1.c
 
Building target: systemHandler.elf
Invoking: AVR C Linker
avr-gcc -Wl,-Map,systemHandler.map -mmcu=atmega16 -o "systemHandler.elf"  ./external_eeprom.o ./i2c.o ./system.o ./timer1.o ./uart.o   
Finished building target: systemHandler.elf
 
Invoking: AVR Create Extended Listing
avr-objdump -h -S systemHandler.elf  >"systemHandler.lss"
Finished building: systemHandler.lss
 
Invoking: Print Size
avr-size --format=avr --mcu=atmega16 systemHandler.elf
AVR Memory Usage
----------------
Device: atmega16

Program:    2076 bytes (12.7% Full)
(.text + .data + .bootloader)

Data:        205 bytes (20.0% Full)
(.data + .bss + .noinit)


Finished building: sizedummy
 
23:49:24 **** Incremental Build of configuration Debug for project userInterface ****
make all 
Invoking: Print Size
avr-size --format=avr --mcu=atmega16 userInterface.elf
AVR Memory Usage
----------------
Device: atmega16

Program:   13076 bytes (79.8% Full)
(.text + .data + .bootloader)

Data:        225 bytes (22.0% Full)
(.data + .bss + .noinit)


Finished building: sizedummy
 
23:50:36 **** Incremental Build of configuration Debug for project systemHandler ****
make all 
Building file: ../system.c
Invoking: AVR Compiler
avr-gcc -Wall -g2 -gstabs -O0 -fpack-struct -fshort-enums -ffunction-sections -fdata-sections -std=gnu99 -funsigned-char -funsigned-bitfields -mmcu=atmega16 -DF_CPU=1000000UL -MMD -MP -MF"system.d" -MT"system.o" -c -o "system.o" "../system.c"
In file included from ../uart.h:13,
                 from ../system.c:8:
c:/winavr-20100110/lib/gcc/../../avr/include/util/delay.h:90:3: warning: #warning "Compiler optimizations disabled; functions from <util/delay.h> won't work as designed"
Finished building: ../system.c
 
Building file: ../timer1.c
Invoking: AVR Compiler
avr-gcc -Wall -g2 -gstabs -O0 -fpack-struct -fshort-enums -ffunction-sections -fdata-sections -std=gnu99 -funsigned-char -funsigned-bitfields -mmcu=atmega16 -DF_CPU=1000000UL -MMD -MP -MF"timer1.d" -MT"timer1.o" -c -o "timer1.o" "../timer1.c"
In file included from ../timer1.h:13,
                 from ../timer1.c:7:
c:/winavr-20100110/lib/gcc/../../avr/include/util/delay.h:90:3: warning: #warning "Compiler optimizations disabled; functions from <util/delay.h> won't work as designed"
Finished building: ../timer1.c
 
Building target: systemHandler.elf
Invoking: AVR C Linker
avr-gcc -Wl,-Map,systemHandler.map -mmcu=atmega16 -o "systemHandler.elf"  ./external_eeprom.o ./i2c.o ./system.o ./timer1.o ./uart.o   
Finished building target: systemHandler.elf
 
Invoking: AVR Create Extended Listing
avr-objdump -h -S systemHandler.elf  >"systemHandler.lss"
Finished building: systemHandler.lss
 
Invoking: Print Size
avr-size --format=avr --mcu=atmega16 systemHandler.elf
AVR Memory Usage
----------------
Device: atmega16

Program:    2050 bytes (12.5% Full)
(.text + .data + .bootloader)

Data:        204 bytes (19.9% Full)
(.data + .bss + .noinit)


Finished building: sizedummy
 
23:50:36 **** Incremental Build of configuration Debug for project userInterface ****
make all 
Invoking: Print Size
avr-size --format=avr --mcu=atmega16 userInterface.elf
AVR Memory Usage
----------------
Device: atmega16

Program:   13076 bytes (79.8% Full)
(.text + .data + .bootloader)

Data:        225 bytes (22.0% Full)
(.data + .bss + .noinit)


Finished building: sizedummy
 
23:50:39 **** Incremental Build of configuration Debug for project systemHandler ****
make all 
Invoking: Print Size
avr-size --format=avr --mcu=atmega16 systemHandler.elf
AVR Memory Usage
----------------
Device: atmega16

Program:    2050 bytes (12.5% Full)
(.text + .data + .bootloader)

Data:        204 bytes (19.9% Full)
(.data + .bss + .noinit)


Finished building: sizedummy
 
23:50:41 **** Incremental Build of configuration Debug for project userInterface ****
make all 
Invoking: Print Size
avr-size --format=avr --mcu=atmega16 userInterface.elf
AVR Memory Usage
----------------
Device: atmega16

Program:   13076 bytes (79.8% Full)
(.text + .data + .bootloader)

Data:        225 bytes (22.0% Full)
(.data + .bss + .noinit)


Finished building: sizedummy
 
23:50:48 **** Incremental Build of configuration Debug for project systemHandler ****
make all 
Invoking: Print Size
avr-size --format=avr --mcu=atmega16 systemHandler.elf
AVR Memory Usage
----------------
Device: atmega16

Program:    2050 bytes (12.5% Full)
(.text + .data + .bootloader)

Data:        204 bytes (19.9% Full)
(.data + .bss + .noinit)


Finished building: sizedummy
 
23:50:48 **** Incremental Build of configuration Debug for project userInterface ****
make all 
Invoking: Print Size
avr-size --format=avr --mcu=atmega16 userInterface.elf
AVR Memory Usage
----------------
Device: atmega16

Program:   13076 bytes (79.8% Full)
(.text + .data + .bootloader)

Data:        225 bytes (22.0% Full)
(.data + .bss + .noinit)


Finished building: sizedummy
 
23:51:38 **** Incremental Build of configuration Debug for project systemHandler ****
make all 
Building file: ../timer1.c
Invoking: AVR Compiler
avr-gcc -Wall -g2 -gstabs -O0 -fpack-struct -fshort-enums -ffunction-sections -fdata-sections -std=gnu99 -funsigned-char -funsigned-bitfields -mmcu=atmega16 -DF_CPU=1000000UL -MMD -MP -MF"timer1.d" -MT"timer1.o" -c -o "timer1.o" "../timer1.c"
In file included from ../timer1.h:13,
                 from ../timer1.c:7:
c:/winavr-20100110/lib/gcc/../../avr/include/util/delay.h:90:3: warning: #warning "Compiler optimizations disabled; functions from <util/delay.h> won't work as designed"
Finished building: ../timer1.c
 
Building target: systemHandler.elf
Invoking: AVR C Linker
avr-gcc -Wl,-Map,systemHandler.map -mmcu=atmega16 -o "systemHandler.elf"  ./external_eeprom.o ./i2c.o ./system.o ./timer1.o ./uart.o   
Finished building target: systemHandler.elf
 
Invoking: AVR Create Extended Listing
avr-objdump -h -S systemHandler.elf  >"systemHandler.lss"
Finished building: systemHandler.lss
 
Invoking: Print Size
avr-size --format=avr --mcu=atmega16 systemHandler.elf
AVR Memory Usage
----------------
Device: atmega16

Program:    2042 bytes (12.5% Full)
(.text + .data + .bootloader)

Data:        204 bytes (19.9% Full)
(.data + .bss + .noinit)


Finished building: sizedummy
 
23:51:39 **** Incremental Build of configuration Debug for project userInterface ****
make all 
Invoking: Print Size
avr-size --format=avr --mcu=atmega16 userInterface.elf
AVR Memory Usage
----------------
Device: atmega16

Program:   13076 bytes (79.8% Full)
(.text + .data + .bootloader)

Data:        225 bytes (22.0% Full)
(.data + .bss + .noinit)


Finished building: sizedummy
 
23:54:13 **** Incremental Build of configuration Debug for project systemHandler ****
make all 
Building file: ../timer1.c
Invoking: AVR Compiler
avr-gcc -Wall -g2 -gstabs -O0 -fpack-struct -fshort-enums -ffunction-sections -fdata-sections -std=gnu99 -funsigned-char -funsigned-bitfields -mmcu=atmega16 -DF_CPU=1000000UL -MMD -MP -MF"timer1.d" -MT"timer1.o" -c -o "timer1.o" "../timer1.c"
In file included from ../timer1.h:13,
                 from ../timer1.c:7:
c:/winavr-20100110/lib/gcc/../../avr/include/util/delay.h:90:3: warning: #warning "Compiler optimizations disabled; functions from <util/delay.h> won't work as designed"
Finished building: ../timer1.c
 
Building target: systemHandler.elf
Invoking: AVR C Linker
avr-gcc -Wl,-Map,systemHandler.map -mmcu=atmega16 -o "systemHandler.elf"  ./external_eeprom.o ./i2c.o ./system.o ./timer1.o ./uart.o   
Finished building target: systemHandler.elf
 
Invoking: AVR Create Extended Listing
avr-objdump -h -S systemHandler.elf  >"systemHandler.lss"
Finished building: systemHandler.lss
 
Invoking: Print Size
avr-size --format=avr --mcu=atmega16 systemHandler.elf
AVR Memory Usage
----------------
Device: atmega16

Program:    2038 bytes (12.4% Full)
(.text + .data + .bootloader)

Data:        204 bytes (19.9% Full)
(.data + .bss + .noinit)


Finished building: sizedummy
 
23:54:14 **** Incremental Build of configuration Debug for project userInterface ****
make all 
Invoking: Print Size
avr-size --format=avr --mcu=atmega16 userInterface.elf
AVR Memory Usage
----------------
Device: atmega16

Program:   13076 bytes (79.8% Full)
(.text + .data + .bootloader)

Data:        225 bytes (22.0% Full)
(.data + .bss + .noinit)


Finished building: sizedummy
 
23:54:27 **** Incremental Build of configuration Debug for project systemHandler ****
make all 
Building file: ../timer1.c
Invoking: AVR Compiler
avr-gcc -Wall -g2 -gstabs -O0 -fpack-struct -fshort-enums -ffunction-sections -fdata-sections -std=gnu99 -funsigned-char -funsigned-bitfields -mmcu=atmega16 -DF_CPU=1000000UL -MMD -MP -MF"timer1.d" -MT"timer1.o" -c -o "timer1.o" "../timer1.c"
In file included from ../timer1.h:13,
                 from ../timer1.c:7:
c:/winavr-20100110/lib/gcc/../../avr/include/util/delay.h:90:3: warning: #warning "Compiler optimizations disabled; functions from <util/delay.h> won't work as designed"
Finished building: ../timer1.c
 
Building target: systemHandler.elf
Invoking: AVR C Linker
avr-gcc -Wl,-Map,systemHandler.map -mmcu=atmega16 -o "systemHandler.elf"  ./external_eeprom.o ./i2c.o ./system.o ./timer1.o ./uart.o   
Finished building target: systemHandler.elf
 
Invoking: AVR Create Extended Listing
avr-objdump -h -S systemHandler.elf  >"systemHandler.lss"
Finished building: systemHandler.lss
 
Invoking: Print Size
avr-size --format=avr --mcu=atmega16 systemHandler.elf
AVR Memory Usage
----------------
Device: atmega16

Program:    2038 bytes (12.4% Full)
(.text + .data + .bootloader)

Data:        204 bytes (19.9% Full)
(.data + .bss + .noinit)


Finished building: sizedummy
 
23:54:28 **** Incremental Build of configuration Debug for project userInterface ****
make all 
Invoking: Print Size
avr-size --format=avr --mcu=atmega16 userInterface.elf
AVR Memory Usage
----------------
Device: atmega16

Program:   13076 bytes (79.8% Full)
(.text + .data + .bootloader)

Data:        225 bytes (22.0% Full)
(.data + .bss + .noinit)


Finished building: sizedummy
 
23:54:48 **** Incremental Build of configuration Debug for project systemHandler ****
make all 
Building file: ../timer1.c
Invoking: AVR Compiler
avr-gcc -Wall -g2 -gstabs -O0 -fpack-struct -fshort-enums -ffunction-sections -fdata-sections -std=gnu99 -funsigned-char -funsigned-bitfields -mmcu=atmega16 -DF_CPU=1000000UL -MMD -MP -MF"timer1.d" -MT"timer1.o" -c -o "timer1.o" "../timer1.c"
In file included from ../timer1.h:13,
                 from ../timer1.c:7:
c:/winavr-20100110/lib/gcc/../../avr/include/util/delay.h:90:3: warning: #warning "Compiler optimizations disabled; functions from <util/delay.h> won't work as designed"
Finished building: ../timer1.c
 
Building target: systemHandler.elf
Invoking: AVR C Linker
avr-gcc -Wl,-Map,systemHandler.map -mmcu=atmega16 -o "systemHandler.elf"  ./external_eeprom.o ./i2c.o ./system.o ./timer1.o ./uart.o   
Finished building target: systemHandler.elf
 
Invoking: AVR Create Extended Listing
avr-objdump -h -S systemHandler.elf  >"systemHandler.lss"
Finished building: systemHandler.lss
 
Invoking: Print Size
avr-size --format=avr --mcu=atmega16 systemHandler.elf
AVR Memory Usage
----------------
Device: atmega16

Program:    2018 bytes (12.3% Full)
(.text + .data + .bootloader)

Data:        204 bytes (19.9% Full)
(.data + .bss + .noinit)


Finished building: sizedummy
 
23:54:49 **** Incremental Build of configuration Debug for project userInterface ****
make all 
Invoking: Print Size
avr-size --format=avr --mcu=atmega16 userInterface.elf
AVR Memory Usage
----------------
Device: atmega16

Program:   13076 bytes (79.8% Full)
(.text + .data + .bootloader)

Data:        225 bytes (22.0% Full)
(.data + .bss + .noinit)


Finished building: sizedummy
 
23:55:10 **** Incremental Build of configuration Debug for project systemHandler ****
make all 
Building file: ../system.c
Invoking: AVR Compiler
avr-gcc -Wall -g2 -gstabs -O0 -fpack-struct -fshort-enums -ffunction-sections -fdata-sections -std=gnu99 -funsigned-char -funsigned-bitfields -mmcu=atmega16 -DF_CPU=1000000UL -MMD -MP -MF"system.d" -MT"system.o" -c -o "system.o" "../system.c"
In file included from ../uart.h:13,
                 from ../system.c:8:
c:/winavr-20100110/lib/gcc/../../avr/include/util/delay.h:90:3: warning: #warning "Compiler optimizations disabled; functions from <util/delay.h> won't work as designed"
Finished building: ../system.c
 
Building file: ../timer1.c
Invoking: AVR Compiler
avr-gcc -Wall -g2 -gstabs -O0 -fpack-struct -fshort-enums -ffunction-sections -fdata-sections -std=gnu99 -funsigned-char -funsigned-bitfields -mmcu=atmega16 -DF_CPU=1000000UL -MMD -MP -MF"timer1.d" -MT"timer1.o" -c -o "timer1.o" "../timer1.c"
In file included from ../timer1.h:13,
                 from ../timer1.c:7:
c:/winavr-20100110/lib/gcc/../../avr/include/util/delay.h:90:3: warning: #warning "Compiler optimizations disabled; functions from <util/delay.h> won't work as designed"
Finished building: ../timer1.c
 
Building target: systemHandler.elf
Invoking: AVR C Linker
avr-gcc -Wl,-Map,systemHandler.map -mmcu=atmega16 -o "systemHandler.elf"  ./external_eeprom.o ./i2c.o ./system.o ./timer1.o ./uart.o   
Finished building target: systemHandler.elf
 
Invoking: AVR Create Extended Listing
avr-objdump -h -S systemHandler.elf  >"systemHandler.lss"
Finished building: systemHandler.lss
 
Invoking: Print Size
avr-size --format=avr --mcu=atmega16 systemHandler.elf
AVR Memory Usage
----------------
Device: atmega16

Program:    2018 bytes (12.3% Full)
(.text + .data + .bootloader)

Data:        204 bytes (19.9% Full)
(.data + .bss + .noinit)


Finished building: sizedummy
 
23:55:11 **** Incremental Build of configuration Debug for project userInterface ****
make all 
Invoking: Print Size
avr-size --format=avr --mcu=atmega16 userInterface.elf
AVR Memory Usage
----------------
Device: atmega16

Program:   13076 bytes (79.8% Full)
(.text + .data + .bootloader)

Data:        225 bytes (22.0% Full)
(.data + .bss + .noinit)


Finished building: sizedummy
 
23:57:46 **** Incremental Build of configuration Debug for project systemHandler ****
make all 
Building file: ../system.c
Invoking: AVR Compiler
avr-gcc -Wall -g2 -gstabs -O0 -fpack-struct -fshort-enums -ffunction-sections -fdata-sections -std=gnu99 -funsigned-char -funsigned-bitfields -mmcu=atmega16 -DF_CPU=1000000UL -MMD -MP -MF"system.d" -MT"system.o" -c -o "system.o" "../system.c"
In file included from ../uart.h:13,
                 from ../system.c:8:
c:/winavr-20100110/lib/gcc/../../avr/include/util/delay.h:90:3: warning: #warning "Compiler optimizations disabled; functions from <util/delay.h> won't work as designed"
Finished building: ../system.c
 
Building file: ../timer1.c
Invoking: AVR Compiler
avr-gcc -Wall -g2 -gstabs -O0 -fpack-struct -fshort-enums -ffunction-sections -fdata-sections -std=gnu99 -funsigned-char -funsigned-bitfields -mmcu=atmega16 -DF_CPU=1000000UL -MMD -MP -MF"timer1.d" -MT"timer1.o" -c -o "timer1.o" "../timer1.c"
In file included from ../timer1.h:13,
                 from ../timer1.c:7:
c:/winavr-20100110/lib/gcc/../../avr/include/util/delay.h:90:3: warning: #warning "Compiler optimizations disabled; functions from <util/delay.h> won't work as designed"
Finished building: ../timer1.c
 
Building target: systemHandler.elf
Invoking: AVR C Linker
avr-gcc -Wl,-Map,systemHandler.map -mmcu=atmega16 -o "systemHandler.elf"  ./external_eeprom.o ./i2c.o ./system.o ./timer1.o ./uart.o   
Finished building target: systemHandler.elf
 
Invoking: AVR Create Extended Listing
avr-objdump -h -S systemHandler.elf  >"systemHandler.lss"
Finished building: systemHandler.lss
 
Invoking: Print Size
avr-size --format=avr --mcu=atmega16 systemHandler.elf
AVR Memory Usage
----------------
Device: atmega16

Program:    5156 bytes (31.5% Full)
(.text + .data + .bootloader)

Data:        212 bytes (20.7% Full)
(.data + .bss + .noinit)


Finished building: sizedummy
 
23:57:47 **** Incremental Build of configuration Debug for project userInterface ****
make all 
Invoking: Print Size
avr-size --format=avr --mcu=atmega16 userInterface.elf
AVR Memory Usage
----------------
Device: atmega16

Program:   13076 bytes (79.8% Full)
(.text + .data + .bootloader)

Data:        225 bytes (22.0% Full)
(.data + .bss + .noinit)


Finished building: sizedummy
 
00:06:44 **** Incremental Build of configuration Debug for project systemHandler ****
make all 
Building file: ../timer1.c
Invoking: AVR Compiler
avr-gcc -Wall -g2 -gstabs -O0 -fpack-struct -fshort-enums -ffunction-sections -fdata-sections -std=gnu99 -funsigned-char -funsigned-bitfields -mmcu=atmega16 -DF_CPU=1000000UL -MMD -MP -MF"timer1.d" -MT"timer1.o" -c -o "timer1.o" "../timer1.c"
In file included from ../timer1.h:13,
                 from ../timer1.c:7:
c:/winavr-20100110/lib/gcc/../../avr/include/util/delay.h:90:3: warning: #warning "Compiler optimizations disabled; functions from <util/delay.h> won't work as designed"
Finished building: ../timer1.c
 
Building target: systemHandler.elf
Invoking: AVR C Linker
avr-gcc -Wl,-Map,systemHandler.map -mmcu=atmega16 -o "systemHandler.elf"  ./external_eeprom.o ./i2c.o ./system.o ./timer1.o ./uart.o   
Finished building target: systemHandler.elf
 
Invoking: AVR Create Extended Listing
avr-objdump -h -S systemHandler.elf  >"systemHandler.lss"
Finished building: systemHandler.lss
 
Invoking: Print Size
avr-size --format=avr --mcu=atmega16 systemHandler.elf
AVR Memory Usage
----------------
Device: atmega16

Program:    2052 bytes (12.5% Full)
(.text + .data + .bootloader)

Data:        204 bytes (19.9% Full)
(.data + .bss + .noinit)


Finished building: sizedummy
 
00:06:44 **** Incremental Build of configuration Debug for project userInterface ****
make all 
Invoking: Print Size
avr-size --format=avr --mcu=atmega16 userInterface.elf
AVR Memory Usage
----------------
Device: atmega16

Program:   13076 bytes (79.8% Full)
(.text + .data + .bootloader)

Data:        225 bytes (22.0% Full)
(.data + .bss + .noinit)


Finished building: sizedummy
 
00:10:13 **** Incremental Build of configuration Debug for project systemHandler ****
make all 
Building file: ../timer1.c
Invoking: AVR Compiler
avr-gcc -Wall -g2 -gstabs -O0 -fpack-struct -fshort-enums -ffunction-sections -fdata-sections -std=gnu99 -funsigned-char -funsigned-bitfields -mmcu=atmega16 -DF_CPU=1000000UL -MMD -MP -MF"timer1.d" -MT"timer1.o" -c -o "timer1.o" "../timer1.c"
In file included from ../timer1.h:13,
                 from ../timer1.c:7:
c:/winavr-20100110/lib/gcc/../../avr/include/util/delay.h:90:3: warning: #warning "Compiler optimizations disabled; functions from <util/delay.h> won't work as designed"
Finished building: ../timer1.c
 
Building target: systemHandler.elf
Invoking: AVR C Linker
avr-gcc -Wl,-Map,systemHandler.map -mmcu=atmega16 -o "systemHandler.elf"  ./external_eeprom.o ./i2c.o ./system.o ./timer1.o ./uart.o   
Finished building target: systemHandler.elf
 
Invoking: AVR Create Extended Listing
avr-objdump -h -S systemHandler.elf  >"systemHandler.lss"
Finished building: systemHandler.lss
 
Invoking: Print Size
avr-size --format=avr --mcu=atmega16 systemHandler.elf
AVR Memory Usage
----------------
Device: atmega16

Program:    2052 bytes (12.5% Full)
(.text + .data + .bootloader)

Data:        204 bytes (19.9% Full)
(.data + .bss + .noinit)


Finished building: sizedummy
 
00:10:14 **** Incremental Build of configuration Debug for project userInterface ****
make all 
Invoking: Print Size
avr-size --format=avr --mcu=atmega16 userInterface.elf
AVR Memory Usage
----------------
Device: atmega16

Program:   13076 bytes (79.8% Full)
(.text + .data + .bootloader)

Data:        225 bytes (22.0% Full)
(.data + .bss + .noinit)


Finished building: sizedummy
 
00:10:27 **** Incremental Build of configuration Debug for project systemHandler ****
make all 
Building file: ../system.c
Invoking: AVR Compiler
avr-gcc -Wall -g2 -gstabs -O0 -fpack-struct -fshort-enums -ffunction-sections -fdata-sections -std=gnu99 -funsigned-char -funsigned-bitfields -mmcu=atmega16 -DF_CPU=1000000UL -MMD -MP -MF"system.d" -MT"system.o" -c -o "system.o" "../system.c"
In file included from ../uart.h:13,
                 from ../system.c:8:
c:/winavr-20100110/lib/gcc/../../avr/include/util/delay.h:90:3: warning: #warning "Compiler optimizations disabled; functions from <util/delay.h> won't work as designed"
Finished building: ../system.c
 
Building target: systemHandler.elf
Invoking: AVR C Linker
avr-gcc -Wl,-Map,systemHandler.map -mmcu=atmega16 -o "systemHandler.elf"  ./external_eeprom.o ./i2c.o ./system.o ./timer1.o ./uart.o   
Finished building target: systemHandler.elf
 
Invoking: AVR Create Extended Listing
avr-objdump -h -S systemHandler.elf  >"systemHandler.lss"
Finished building: systemHandler.lss
 
Invoking: Print Size
avr-size --format=avr --mcu=atmega16 systemHandler.elf
AVR Memory Usage
----------------
Device: atmega16

Program:    2052 bytes (12.5% Full)
(.text + .data + .bootloader)

Data:        204 bytes (19.9% Full)
(.data + .bss + .noinit)


Finished building: sizedummy
 
00:10:28 **** Incremental Build of configuration Debug for project userInterface ****
make all 
Invoking: Print Size
avr-size --format=avr --mcu=atmega16 userInterface.elf
AVR Memory Usage
----------------
Device: atmega16

Program:   13076 bytes (79.8% Full)
(.text + .data + .bootloader)

Data:        225 bytes (22.0% Full)
(.data + .bss + .noinit)


Finished building: sizedummy
 
00:10:29 **** Incremental Build of configuration Debug for project systemHandler ****
make all 
Invoking: Print Size
avr-size --format=avr --mcu=atmega16 systemHandler.elf
AVR Memory Usage
----------------
Device: atmega16

Program:    2052 bytes (12.5% Full)
(.text + .data + .bootloader)

Data:        204 bytes (19.9% Full)
(.data + .bss + .noinit)


Finished building: sizedummy
 
00:10:30 **** Incremental Build of configuration Debug for project userInterface ****
make all 
Invoking: Print Size
avr-size --format=avr --mcu=atmega16 userInterface.elf
AVR Memory Usage
----------------
Device: atmega16

Program:   13076 bytes (79.8% Full)
(.text + .data + .bootloader)

Data:        225 bytes (22.0% Full)
(.data + .bss + .noinit)


Finished building: sizedummy
 
00:10:33 **** Incremental Build of configuration Debug for project systemHandler ****
make all 
Invoking: Print Size
avr-size --format=avr --mcu=atmega16 systemHandler.elf
AVR Memory Usage
----------------
Device: atmega16

Program:    2052 bytes (12.5% Full)
(.text + .data + .bootloader)

Data:        204 bytes (19.9% Full)
(.data + .bss + .noinit)


Finished building: sizedummy
 
00:10:33 **** Incremental Build of configuration Debug for project userInterface ****
make all 
Invoking: Print Size
avr-size --format=avr --mcu=atmega16 userInterface.elf
AVR Memory Usage
----------------
Device: atmega16

Program:   13076 bytes (79.8% Full)
(.text + .data + .bootloader)

Data:        225 bytes (22.0% Full)
(.data + .bss + .noinit)


Finished building: sizedummy
 
00:12:38 **** Incremental Build of configuration Debug for project systemHandler ****
make all 
Building file: ../system.c
Invoking: AVR Compiler
avr-gcc -Wall -g2 -gstabs -O0 -fpack-struct -fshort-enums -ffunction-sections -fdata-sections -std=gnu99 -funsigned-char -funsigned-bitfields -mmcu=atmega16 -DF_CPU=1000000UL -MMD -MP -MF"system.d" -MT"system.o" -c -o "system.o" "../system.c"
In file included from ../uart.h:13,
                 from ../system.c:8:
c:/winavr-20100110/lib/gcc/../../avr/include/util/delay.h:90:3: warning: #warning "Compiler optimizations disabled; functions from <util/delay.h> won't work as designed"
Finished building: ../system.c
 
Building target: systemHandler.elf
Invoking: AVR C Linker
avr-gcc -Wl,-Map,systemHandler.map -mmcu=atmega16 -o "systemHandler.elf"  ./external_eeprom.o ./i2c.o ./system.o ./timer1.o ./uart.o   
Finished building target: systemHandler.elf
 
Invoking: AVR Create Extended Listing
avr-objdump -h -S systemHandler.elf  >"systemHandler.lss"
Finished building: systemHandler.lss
 
Invoking: Print Size
avr-size --format=avr --mcu=atmega16 systemHandler.elf
AVR Memory Usage
----------------
Device: atmega16

Program:    2052 bytes (12.5% Full)
(.text + .data + .bootloader)

Data:        204 bytes (19.9% Full)
(.data + .bss + .noinit)


Finished building: sizedummy
 
00:12:38 **** Incremental Build of configuration Debug for project userInterface ****
make all 
Invoking: Print Size
avr-size --format=avr --mcu=atmega16 userInterface.elf
AVR Memory Usage
----------------
Device: atmega16

Program:   13076 bytes (79.8% Full)
(.text + .data + .bootloader)

Data:        225 bytes (22.0% Full)
(.data + .bss + .noinit)


Finished building: sizedummy
 
00:14:38 **** Incremental Build of configuration Debug for project systemHandler ****
make all 
Building file: ../system.c
Invoking: AVR Compiler
avr-gcc -Wall -g2 -gstabs -O0 -fpack-struct -fshort-enums -ffunction-sections -fdata-sections -std=gnu99 -funsigned-char -funsigned-bitfields -mmcu=atmega16 -DF_CPU=1000000UL -MMD -MP -MF"system.d" -MT"system.o" -c -o "system.o" "../system.c"
In file included from ../uart.h:13,
                 from ../system.c:8:
c:/winavr-20100110/lib/gcc/../../avr/include/util/delay.h:90:3: warning: #warning "Compiler optimizations disabled; functions from <util/delay.h> won't work as designed"
Finished building: ../system.c
 
Building target: systemHandler.elf
Invoking: AVR C Linker
avr-gcc -Wl,-Map,systemHandler.map -mmcu=atmega16 -o "systemHandler.elf"  ./external_eeprom.o ./i2c.o ./system.o ./timer1.o ./uart.o   
Finished building target: systemHandler.elf
 
Invoking: AVR Create Extended Listing
avr-objdump -h -S systemHandler.elf  >"systemHandler.lss"
Finished building: systemHandler.lss
 
Invoking: Print Size
avr-size --format=avr --mcu=atmega16 systemHandler.elf
AVR Memory Usage
----------------
Device: atmega16

Program:    2072 bytes (12.6% Full)
(.text + .data + .bootloader)

Data:        204 bytes (19.9% Full)
(.data + .bss + .noinit)


Finished building: sizedummy
 
00:14:39 **** Incremental Build of configuration Debug for project userInterface ****
make all 
Building file: ../userInterface.c
Invoking: AVR Compiler
avr-gcc -Wall -g2 -gstabs -O0 -fpack-struct -fshort-enums -ffunction-sections -fdata-sections -std=gnu99 -funsigned-char -funsigned-bitfields -mmcu=atmega16 -DF_CPU=1000000UL -MMD -MP -MF"userInterface.d" -MT"userInterface.o" -c -o "userInterface.o" "../userInterface.c"
In file included from ../lcd.h:14,
                 from ../userinterfaceFunctions.h:13,
                 from ../userInterface.c:11:
c:/winavr-20100110/lib/gcc/../../avr/include/util/delay.h:90:3: warning: #warning "Compiler optimizations disabled; functions from <util/delay.h> won't work as designed"
Finished building: ../userInterface.c
 
Building target: userInterface.elf
Invoking: AVR C Linker
avr-gcc -Wl,-Map,userInterface.map -mmcu=atmega16 -o "userInterface.elf"  ./keypad.o ./lcd.o ./uart.o ./userInterface.o ./userinterfaceFunctions.o   
Finished building target: userInterface.elf
 
Invoking: AVR Create Extended Listing
avr-objdump -h -S userInterface.elf  >"userInterface.lss"
Finished building: userInterface.lss
 
Invoking: Print Size
avr-size --format=avr --mcu=atmega16 userInterface.elf
AVR Memory Usage
----------------
Device: atmega16

Program:   13084 bytes (79.9% Full)
(.text + .data + .bootloader)

Data:        225 bytes (22.0% Full)
(.data + .bss + .noinit)


Finished building: sizedummy
 
00:14:54 **** Incremental Build of configuration Debug for project systemHandler ****
make all 
Invoking: Print Size
avr-size --format=avr --mcu=atmega16 systemHandler.elf
AVR Memory Usage
----------------
Device: atmega16

Program:    2072 bytes (12.6% Full)
(.text + .data + .bootloader)

Data:        204 bytes (19.9% Full)
(.data + .bss + .noinit)


Finished building: sizedummy
 
00:14:54 **** Incremental Build of configuration Debug for project userInterface ****
make all 
Invoking: Print Size
avr-size --format=avr --mcu=atmega16 userInterface.elf
AVR Memory Usage
----------------
Device: atmega16

Program:   13084 bytes (79.9% Full)
(.text + .data + .bootloader)

Data:        225 bytes (22.0% Full)
(.data + .bss + .noinit)


Finished building: sizedummy
 
00:14:58 **** Incremental Build of configuration Debug for project systemHandler ****
make all 
Invoking: Print Size
avr-size --format=avr --mcu=atmega16 systemHandler.elf
AVR Memory Usage
----------------
Device: atmega16

Program:    2072 bytes (12.6% Full)
(.text + .data + .bootloader)

Data:        204 bytes (19.9% Full)
(.data + .bss + .noinit)


Finished building: sizedummy
 
00:14:58 **** Incremental Build of configuration Debug for project userInterface ****
make all 
Building file: ../userInterface.c
Invoking: AVR Compiler
avr-gcc -Wall -g2 -gstabs -O0 -fpack-struct -fshort-enums -ffunction-sections -fdata-sections -std=gnu99 -funsigned-char -funsigned-bitfields -mmcu=atmega16 -DF_CPU=1000000UL -MMD -MP -MF"userInterface.d" -MT"userInterface.o" -c -o "userInterface.o" "../userInterface.c"
In file included from ../lcd.h:14,
                 from ../userinterfaceFunctions.h:13,
                 from ../userInterface.c:11:
c:/winavr-20100110/lib/gcc/../../avr/include/util/delay.h:90:3: warning: #warning "Compiler optimizations disabled; functions from <util/delay.h> won't work as designed"
Finished building: ../userInterface.c
 
Building target: userInterface.elf
Invoking: AVR C Linker
avr-gcc -Wl,-Map,userInterface.map -mmcu=atmega16 -o "userInterface.elf"  ./keypad.o ./lcd.o ./uart.o ./userInterface.o ./userinterfaceFunctions.o   
Finished building target: userInterface.elf
 
Invoking: AVR Create Extended Listing
avr-objdump -h -S userInterface.elf  >"userInterface.lss"
Finished building: userInterface.lss
 
Invoking: Print Size
avr-size --format=avr --mcu=atmega16 userInterface.elf
AVR Memory Usage
----------------
Device: atmega16

Program:   13102 bytes (80.0% Full)
(.text + .data + .bootloader)

Data:        225 bytes (22.0% Full)
(.data + .bss + .noinit)


Finished building: sizedummy
 
00:17:30 **** Incremental Build of configuration Debug for project systemHandler ****
make all 
Building file: ../system.c
Invoking: AVR Compiler
avr-gcc -Wall -g2 -gstabs -O0 -fpack-struct -fshort-enums -ffunction-sections -fdata-sections -std=gnu99 -funsigned-char -funsigned-bitfields -mmcu=atmega16 -DF_CPU=1000000UL -MMD -MP -MF"system.d" -MT"system.o" -c -o "system.o" "../system.c"
In file included from ../uart.h:13,
                 from ../system.c:8:
c:/winavr-20100110/lib/gcc/../../avr/include/util/delay.h:90:3: warning: #warning "Compiler optimizations disabled; functions from <util/delay.h> won't work as designed"
Finished building: ../system.c
 
Building target: systemHandler.elf
Invoking: AVR C Linker
avr-gcc -Wl,-Map,systemHandler.map -mmcu=atmega16 -o "systemHandler.elf"  ./external_eeprom.o ./i2c.o ./system.o ./timer1.o ./uart.o   
Finished building target: systemHandler.elf
 
Invoking: AVR Create Extended Listing
avr-objdump -h -S systemHandler.elf  >"systemHandler.lss"
Finished building: systemHandler.lss
 
Invoking: Print Size
avr-size --format=avr --mcu=atmega16 systemHandler.elf
AVR Memory Usage
----------------
Device: atmega16

Program:    2088 bytes (12.7% Full)
(.text + .data + .bootloader)

Data:        108 bytes (10.5% Full)
(.data + .bss + .noinit)


Finished building: sizedummy
 
00:17:30 **** Incremental Build of configuration Debug for project userInterface ****
make all 
Invoking: Print Size
avr-size --format=avr --mcu=atmega16 userInterface.elf
AVR Memory Usage
----------------
Device: atmega16

Program:   13102 bytes (80.0% Full)
(.text + .data + .bootloader)

Data:        225 bytes (22.0% Full)
(.data + .bss + .noinit)


Finished building: sizedummy
 
00:18:14 **** Incremental Build of configuration Debug for project systemHandler ****
make all 
Building file: ../system.c
Invoking: AVR Compiler
avr-gcc -Wall -g2 -gstabs -O0 -fpack-struct -fshort-enums -ffunction-sections -fdata-sections -std=gnu99 -funsigned-char -funsigned-bitfields -mmcu=atmega16 -DF_CPU=1000000UL -MMD -MP -MF"system.d" -MT"system.o" -c -o "system.o" "../system.c"
In file included from ../uart.h:13,
                 from ../system.c:8:
c:/winavr-20100110/lib/gcc/../../avr/include/util/delay.h:90:3: warning: #warning "Compiler optimizations disabled; functions from <util/delay.h> won't work as designed"
Finished building: ../system.c
 
Building target: systemHandler.elf
Invoking: AVR C Linker
avr-gcc -Wl,-Map,systemHandler.map -mmcu=atmega16 -o "systemHandler.elf"  ./external_eeprom.o ./i2c.o ./system.o ./timer1.o ./uart.o   
Finished building target: systemHandler.elf
 
Invoking: AVR Create Extended Listing
avr-objdump -h -S systemHandler.elf  >"systemHandler.lss"
Finished building: systemHandler.lss
 
Invoking: Print Size
avr-size --format=avr --mcu=atmega16 systemHandler.elf
AVR Memory Usage
----------------
Device: atmega16

Program:    2072 bytes (12.6% Full)
(.text + .data + .bootloader)

Data:        104 bytes (10.2% Full)
(.data + .bss + .noinit)


Finished building: sizedummy
 
00:18:15 **** Incremental Build of configuration Debug for project userInterface ****
make all 
Invoking: Print Size
avr-size --format=avr --mcu=atmega16 userInterface.elf
AVR Memory Usage
----------------
Device: atmega16

Program:   13102 bytes (80.0% Full)
(.text + .data + .bootloader)

Data:        225 bytes (22.0% Full)
(.data + .bss + .noinit)


Finished building: sizedummy
 
00:19:31 **** Incremental Build of configuration Debug for project systemHandler ****
make all 
Building file: ../system.c
Invoking: AVR Compiler
avr-gcc -Wall -g2 -gstabs -O0 -fpack-struct -fshort-enums -ffunction-sections -fdata-sections -std=gnu99 -funsigned-char -funsigned-bitfields -mmcu=atmega16 -DF_CPU=1000000UL -MMD -MP -MF"system.d" -MT"system.o" -c -o "system.o" "../system.c"
In file included from ../uart.h:13,
                 from ../system.c:8:
c:/winavr-20100110/lib/gcc/../../avr/include/util/delay.h:90:3: warning: #warning "Compiler optimizations disabled; functions from <util/delay.h> won't work as designed"
Finished building: ../system.c
 
Building target: systemHandler.elf
Invoking: AVR C Linker
avr-gcc -Wl,-Map,systemHandler.map -mmcu=atmega16 -o "systemHandler.elf"  ./external_eeprom.o ./i2c.o ./system.o ./timer1.o ./uart.o   
Finished building target: systemHandler.elf
 
Invoking: AVR Create Extended Listing
avr-objdump -h -S systemHandler.elf  >"systemHandler.lss"
Finished building: systemHandler.lss
 
Invoking: Print Size
avr-size --format=avr --mcu=atmega16 systemHandler.elf
AVR Memory Usage
----------------
Device: atmega16

Program:    2052 bytes (12.5% Full)
(.text + .data + .bootloader)

Data:        104 bytes (10.2% Full)
(.data + .bss + .noinit)


Finished building: sizedummy
 
00:19:32 **** Incremental Build of configuration Debug for project userInterface ****
make all 
Building file: ../userInterface.c
Invoking: AVR Compiler
avr-gcc -Wall -g2 -gstabs -O0 -fpack-struct -fshort-enums -ffunction-sections -fdata-sections -std=gnu99 -funsigned-char -funsigned-bitfields -mmcu=atmega16 -DF_CPU=1000000UL -MMD -MP -MF"userInterface.d" -MT"userInterface.o" -c -o "userInterface.o" "../userInterface.c"
In file included from ../lcd.h:14,
                 from ../userinterfaceFunctions.h:13,
                 from ../userInterface.c:11:
c:/winavr-20100110/lib/gcc/../../avr/include/util/delay.h:90:3: warning: #warning "Compiler optimizations disabled; functions from <util/delay.h> won't work as designed"
Finished building: ../userInterface.c
 
Building target: userInterface.elf
Invoking: AVR C Linker
avr-gcc -Wl,-Map,userInterface.map -mmcu=atmega16 -o "userInterface.elf"  ./keypad.o ./lcd.o ./uart.o ./userInterface.o ./userinterfaceFunctions.o   
Finished building target: userInterface.elf
 
Invoking: AVR Create Extended Listing
avr-objdump -h -S userInterface.elf  >"userInterface.lss"
Finished building: userInterface.lss
 
Invoking: Print Size
avr-size --format=avr --mcu=atmega16 userInterface.elf
AVR Memory Usage
----------------
Device: atmega16

Program:   13076 bytes (79.8% Full)
(.text + .data + .bootloader)

Data:        225 bytes (22.0% Full)
(.data + .bss + .noinit)


Finished building: sizedummy
 
03:10:03 **** Incremental Build of configuration Debug for project systemHandler ****
make all 
Building file: ../external_eeprom.c
Invoking: AVR Compiler
avr-gcc -Wall -g2 -gstabs -O0 -fpack-struct -fshort-enums -ffunction-sections -fdata-sections -std=gnu99 -funsigned-char -funsigned-bitfields -mmcu=atmega16 -DF_CPU=1000000UL -MMD -MP -MF"external_eeprom.d" -MT"external_eeprom.o" -c -o "external_eeprom.o" "../external_eeprom.c"
In file included from ../i2c.h:18,
                 from ../external_eeprom.c:12:
c:/winavr-20100110/lib/gcc/../../avr/include/util/delay.h:90:3: warning: #warning "Compiler optimizations disabled; functions from <util/delay.h> won't work as designed"
Finished building: ../external_eeprom.c
 
Building file: ../i2c.c
Invoking: AVR Compiler
avr-gcc -Wall -g2 -gstabs -O0 -fpack-struct -fshort-enums -ffunction-sections -fdata-sections -std=gnu99 -funsigned-char -funsigned-bitfields -mmcu=atmega16 -DF_CPU=1000000UL -MMD -MP -MF"i2c.d" -MT"i2c.o" -c -o "i2c.o" "../i2c.c"
In file included from ../i2c.h:18,
                 from ../i2c.c:13:
c:/winavr-20100110/lib/gcc/../../avr/include/util/delay.h:90:3: warning: #warning "Compiler optimizations disabled; functions from <util/delay.h> won't work as designed"
Finished building: ../i2c.c
 
Building file: ../system.c
Invoking: AVR Compiler
avr-gcc -Wall -g2 -gstabs -O0 -fpack-struct -fshort-enums -ffunction-sections -fdata-sections -std=gnu99 -funsigned-char -funsigned-bitfields -mmcu=atmega16 -DF_CPU=1000000UL -MMD -MP -MF"system.d" -MT"system.o" -c -o "system.o" "../system.c"
In file included from ../uart.h:13,
                 from ../system.c:8:
c:/winavr-20100110/lib/gcc/../../avr/include/util/delay.h:90:3: warning: #warning "Compiler optimizations disabled; functions from <util/delay.h> won't work as designed"
Finished building: ../system.c
 
Building file: ../timer1.c
Invoking: AVR Compiler
avr-gcc -Wall -g2 -gstabs -O0 -fpack-struct -fshort-enums -ffunction-sections -fdata-sections -std=gnu99 -funsigned-char -funsigned-bitfields -mmcu=atmega16 -DF_CPU=1000000UL -MMD -MP -MF"timer1.d" -MT"timer1.o" -c -o "timer1.o" "../timer1.c"
In file included from ../timer1.h:13,
                 from ../timer1.c:7:
c:/winavr-20100110/lib/gcc/../../avr/include/util/delay.h:90:3: warning: #warning "Compiler optimizations disabled; functions from <util/delay.h> won't work as designed"
Finished building: ../timer1.c
 
Building file: ../uart.c
Invoking: AVR Compiler
avr-gcc -Wall -g2 -gstabs -O0 -fpack-struct -fshort-enums -ffunction-sections -fdata-sections -std=gnu99 -funsigned-char -funsigned-bitfields -mmcu=atmega16 -DF_CPU=1000000UL -MMD -MP -MF"uart.d" -MT"uart.o" -c -o "uart.o" "../uart.c"
In file included from ../uart.h:13,
                 from ../uart.c:9:
c:/winavr-20100110/lib/gcc/../../avr/include/util/delay.h:90:3: warning: #warning "Compiler optimizations disabled; functions from <util/delay.h> won't work as designed"
Finished building: ../uart.c
 
Building target: systemHandler.elf
Invoking: AVR C Linker
avr-gcc -Wl,-Map,systemHandler.map -mmcu=atmega16 -o "systemHandler.elf"  ./external_eeprom.o ./i2c.o ./system.o ./timer1.o ./uart.o   
Finished building target: systemHandler.elf
 
Invoking: AVR Create Extended Listing
avr-objdump -h -S systemHandler.elf  >"systemHandler.lss"
Finished building: systemHandler.lss
 
Invoking: Print Size
avr-size --format=avr --mcu=atmega16 systemHandler.elf
AVR Memory Usage
----------------
Device: atmega16

Program:    2040 bytes (12.5% Full)
(.text + .data + .bootloader)

Data:        105 bytes (10.3% Full)
(.data + .bss + .noinit)


Finished building: sizedummy
 
03:10:04 **** Incremental Build of configuration Debug for project userInterface ****
make all 
Building file: ../keypad.c
Invoking: AVR Compiler
avr-gcc -Wall -g2 -gstabs -O0 -fpack-struct -fshort-enums -ffunction-sections -fdata-sections -std=gnu99 -funsigned-char -funsigned-bitfields -mmcu=atmega16 -DF_CPU=1000000UL -MMD -MP -MF"keypad.d" -MT"keypad.o" -c -o "keypad.o" "../keypad.c"
Finished building: ../keypad.c
 
Building file: ../lcd.c
Invoking: AVR Compiler
avr-gcc -Wall -g2 -gstabs -O0 -fpack-struct -fshort-enums -ffunction-sections -fdata-sections -std=gnu99 -funsigned-char -funsigned-bitfields -mmcu=atmega16 -DF_CPU=1000000UL -MMD -MP -MF"lcd.d" -MT"lcd.o" -c -o "lcd.o" "../lcd.c"
In file included from ../lcd.h:14,
                 from ../lcd.c:10:
c:/winavr-20100110/lib/gcc/../../avr/include/util/delay.h:90:3: warning: #warning "Compiler optimizations disabled; functions from <util/delay.h> won't work as designed"
../lcd.c: In function 'LCD_displayStringRowColumn':
../lcd.c:118: warning: passing argument 1 of 'LCD_displayString' discards qualifiers from pointer target type
Finished building: ../lcd.c
 
Building file: ../uart.c
Invoking: AVR Compiler
avr-gcc -Wall -g2 -gstabs -O0 -fpack-struct -fshort-enums -ffunction-sections -fdata-sections -std=gnu99 -funsigned-char -funsigned-bitfields -mmcu=atmega16 -DF_CPU=1000000UL -MMD -MP -MF"uart.d" -MT"uart.o" -c -o "uart.o" "../uart.c"
In file included from ../uart.h:13,
                 from ../uart.c:9:
c:/winavr-20100110/lib/gcc/../../avr/include/util/delay.h:90:3: warning: #warning "Compiler optimizations disabled; functions from <util/delay.h> won't work as designed"
Finished building: ../uart.c
 
Building file: ../userInterface.c
Invoking: AVR Compiler
avr-gcc -Wall -g2 -gstabs -O0 -fpack-struct -fshort-enums -ffunction-sections -fdata-sections -std=gnu99 -funsigned-char -funsigned-bitfields -mmcu=atmega16 -DF_CPU=1000000UL -MMD -MP -MF"userInterface.d" -MT"userInterface.o" -c -o "userInterface.o" "../userInterface.c"
In file included from ../lcd.h:14,
                 from ../userinterfaceFunctions.h:13,
                 from ../userInterface.c:11:
c:/winavr-20100110/lib/gcc/../../avr/include/util/delay.h:90:3: warning: #warning "Compiler optimizations disabled; functions from <util/delay.h> won't work as designed"
Finished building: ../userInterface.c
 
Building file: ../userinterfaceFunctions.c
Invoking: AVR Compiler
avr-gcc -Wall -g2 -gstabs -O0 -fpack-struct -fshort-enums -ffunction-sections -fdata-sections -std=gnu99 -funsigned-char -funsigned-bitfields -mmcu=atmega16 -DF_CPU=1000000UL -MMD -MP -MF"userinterfaceFunctions.d" -MT"userinterfaceFunctions.o" -c -o "userinterfaceFunctions.o" "../userinterfaceFunctions.c"
In file included from ../lcd.h:14,
                 from ../userinterfaceFunctions.h:13,
                 from ../userinterfaceFunctions.c:11:
c:/winavr-20100110/lib/gcc/../../avr/include/util/delay.h:90:3: warning: #warning "Compiler optimizations disabled; functions from <util/delay.h> won't work as designed"
Finished building: ../userinterfaceFunctions.c
 
Building target: userInterface.elf
Invoking: AVR C Linker
avr-gcc -Wl,-Map,userInterface.map -mmcu=atmega16 -o "userInterface.elf"  ./keypad.o ./lcd.o ./uart.o ./userInterface.o ./userinterfaceFunctions.o   
Finished building target: userInterface.elf
 
Invoking: AVR Create Extended Listing
avr-objdump -h -S userInterface.elf  >"userInterface.lss"
Finished building: userInterface.lss
 
Invoking: Print Size
avr-size --format=avr --mcu=atmega16 userInterface.elf
AVR Memory Usage
----------------
Device: atmega16

Program:   13076 bytes (79.8% Full)
(.text + .data + .bootloader)

Data:        225 bytes (22.0% Full)
(.data + .bss + .noinit)


Finished building: sizedummy
 
03:10:09 **** Incremental Build of configuration Debug for project systemHandler ****
make all 
Invoking: Print Size
avr-size --format=avr --mcu=atmega16 systemHandler.elf
AVR Memory Usage
----------------
Device: atmega16

Program:    2040 bytes (12.5% Full)
(.text + .data + .bootloader)

Data:        105 bytes (10.3% Full)
(.data + .bss + .noinit)


Finished building: sizedummy
 
03:10:09 **** Incremental Build of configuration Debug for project userInterface ****
make all 
Invoking: Print Size
avr-size --format=avr --mcu=atmega16 userInterface.elf
AVR Memory Usage
----------------
Device: atmega16

Program:   13076 bytes (79.8% Full)
(.text + .data + .bootloader)

Data:        225 bytes (22.0% Full)
(.data + .bss + .noinit)


Finished building: sizedummy
 
03:10:12 **** Incremental Build of configuration Debug for project systemHandler ****
make all 
Invoking: Print Size
avr-size --format=avr --mcu=atmega16 systemHandler.elf
AVR Memory Usage
----------------
Device: atmega16

Program:    2040 bytes (12.5% Full)
(.text + .data + .bootloader)

Data:        105 bytes (10.3% Full)
(.data + .bss + .noinit)


Finished building: sizedummy
 
03:10:12 **** Incremental Build of configuration Debug for project userInterface ****
make all 
Invoking: Print Size
avr-size --format=avr --mcu=atmega16 userInterface.elf
AVR Memory Usage
----------------
Device: atmega16

Program:   13076 bytes (79.8% Full)
(.text + .data + .bootloader)

Data:        225 bytes (22.0% Full)
(.data + .bss + .noinit)


Finished building: sizedummy
 
03:11:25 **** Incremental Build of configuration Debug for project systemHandler ****
make all 
Building file: ../system.c
Invoking: AVR Compiler
avr-gcc -Wall -g2 -gstabs -O0 -fpack-struct -fshort-enums -ffunction-sections -fdata-sections -std=gnu99 -funsigned-char -funsigned-bitfields -mmcu=atmega16 -DF_CPU=1000000UL -MMD -MP -MF"system.d" -MT"system.o" -c -o "system.o" "../system.c"
In file included from ../uart.h:13,
                 from ../system.c:8:
c:/winavr-20100110/lib/gcc/../../avr/include/util/delay.h:90:3: warning: #warning "Compiler optimizations disabled; functions from <util/delay.h> won't work as designed"
Finished building: ../system.c
 
Building target: systemHandler.elf
Invoking: AVR C Linker
avr-gcc -Wl,-Map,systemHandler.map -mmcu=atmega16 -o "systemHandler.elf"  ./external_eeprom.o ./i2c.o ./system.o ./timer1.o ./uart.o   
Finished building target: systemHandler.elf
 
Invoking: AVR Create Extended Listing
avr-objdump -h -S systemHandler.elf  >"systemHandler.lss"
Finished building: systemHandler.lss
 
Invoking: Print Size
avr-size --format=avr --mcu=atmega16 systemHandler.elf
AVR Memory Usage
----------------
Device: atmega16

Program:    2040 bytes (12.5% Full)
(.text + .data + .bootloader)

Data:        105 bytes (10.3% Full)
(.data + .bss + .noinit)


Finished building: sizedummy
 
03:11:26 **** Incremental Build of configuration Debug for project userInterface ****
make all 
Invoking: Print Size
avr-size --format=avr --mcu=atmega16 userInterface.elf
AVR Memory Usage
----------------
Device: atmega16

Program:   13076 bytes (79.8% Full)
(.text + .data + .bootloader)

Data:        225 bytes (22.0% Full)
(.data + .bss + .noinit)


Finished building: sizedummy
 
03:11:47 **** Incremental Build of configuration Debug for project systemHandler ****
make all 
Building file: ../system.c
Invoking: AVR Compiler
avr-gcc -Wall -g2 -gstabs -O0 -fpack-struct -fshort-enums -ffunction-sections -fdata-sections -std=gnu99 -funsigned-char -funsigned-bitfields -mmcu=atmega16 -DF_CPU=1000000UL -MMD -MP -MF"system.d" -MT"system.o" -c -o "system.o" "../system.c"
In file included from ../uart.h:13,
                 from ../system.c:8:
c:/winavr-20100110/lib/gcc/../../avr/include/util/delay.h:90:3: warning: #warning "Compiler optimizations disabled; functions from <util/delay.h> won't work as designed"
Finished building: ../system.c
 
Building target: systemHandler.elf
Invoking: AVR C Linker
avr-gcc -Wl,-Map,systemHandler.map -mmcu=atmega16 -o "systemHandler.elf"  ./external_eeprom.o ./i2c.o ./system.o ./timer1.o ./uart.o   
Finished building target: systemHandler.elf
 
Invoking: AVR Create Extended Listing
avr-objdump -h -S systemHandler.elf  >"systemHandler.lss"
Finished building: systemHandler.lss
 
Invoking: Print Size
avr-size --format=avr --mcu=atmega16 systemHandler.elf
AVR Memory Usage
----------------
Device: atmega16

Program:    2040 bytes (12.5% Full)
(.text + .data + .bootloader)

Data:        105 bytes (10.3% Full)
(.data + .bss + .noinit)


Finished building: sizedummy
 
03:11:48 **** Incremental Build of configuration Debug for project userInterface ****
make all 
Invoking: Print Size
avr-size --format=avr --mcu=atmega16 userInterface.elf
AVR Memory Usage
----------------
Device: atmega16

Program:   13076 bytes (79.8% Full)
(.text + .data + .bootloader)

Data:        225 bytes (22.0% Full)
(.data + .bss + .noinit)


Finished building: sizedummy
 
03:13:21 **** Incremental Build of configuration Debug for project systemHandler ****
make all 
Building file: ../system.c
Invoking: AVR Compiler
avr-gcc -Wall -g2 -gstabs -O0 -fpack-struct -fshort-enums -ffunction-sections -fdata-sections -std=gnu99 -funsigned-char -funsigned-bitfields -mmcu=atmega16 -DF_CPU=1000000UL -MMD -MP -MF"system.d" -MT"system.o" -c -o "system.o" "../system.c"
In file included from ../uart.h:13,
                 from ../system.c:8:
c:/winavr-20100110/lib/gcc/../../avr/include/util/delay.h:90:3: warning: #warning "Compiler optimizations disabled; functions from <util/delay.h> won't work as designed"
Finished building: ../system.c
 
Building target: systemHandler.elf
Invoking: AVR C Linker
avr-gcc -Wl,-Map,systemHandler.map -mmcu=atmega16 -o "systemHandler.elf"  ./external_eeprom.o ./i2c.o ./system.o ./timer1.o ./uart.o   
Finished building target: systemHandler.elf
 
Invoking: AVR Create Extended Listing
avr-objdump -h -S systemHandler.elf  >"systemHandler.lss"
Finished building: systemHandler.lss
 
Invoking: Print Size
avr-size --format=avr --mcu=atmega16 systemHandler.elf
AVR Memory Usage
----------------
Device: atmega16

Program:    2040 bytes (12.5% Full)
(.text + .data + .bootloader)

Data:        105 bytes (10.3% Full)
(.data + .bss + .noinit)


Finished building: sizedummy
 
03:13:22 **** Incremental Build of configuration Debug for project userInterface ****
make all 
Invoking: Print Size
avr-size --format=avr --mcu=atmega16 userInterface.elf
AVR Memory Usage
----------------
Device: atmega16

Program:   13076 bytes (79.8% Full)
(.text + .data + .bootloader)

Data:        225 bytes (22.0% Full)
(.data + .bss + .noinit)


Finished building: sizedummy
 
03:13:35 **** Incremental Build of configuration Debug for project systemHandler ****
make all 
Building file: ../system.c
Invoking: AVR Compiler
avr-gcc -Wall -g2 -gstabs -O0 -fpack-struct -fshort-enums -ffunction-sections -fdata-sections -std=gnu99 -funsigned-char -funsigned-bitfields -mmcu=atmega16 -DF_CPU=1000000UL -MMD -MP -MF"system.d" -MT"system.o" -c -o "system.o" "../system.c"
In file included from ../uart.h:13,
                 from ../system.c:8:
c:/winavr-20100110/lib/gcc/../../avr/include/util/delay.h:90:3: warning: #warning "Compiler optimizations disabled; functions from <util/delay.h> won't work as designed"
Finished building: ../system.c
 
Building target: systemHandler.elf
Invoking: AVR C Linker
avr-gcc -Wl,-Map,systemHandler.map -mmcu=atmega16 -o "systemHandler.elf"  ./external_eeprom.o ./i2c.o ./system.o ./timer1.o ./uart.o   
Finished building target: systemHandler.elf
 
Invoking: AVR Create Extended Listing
avr-objdump -h -S systemHandler.elf  >"systemHandler.lss"
Finished building: systemHandler.lss
 
Invoking: Print Size
avr-size --format=avr --mcu=atmega16 systemHandler.elf
AVR Memory Usage
----------------
Device: atmega16

Program:    2040 bytes (12.5% Full)
(.text + .data + .bootloader)

Data:        105 bytes (10.3% Full)
(.data + .bss + .noinit)


Finished building: sizedummy
 
03:13:36 **** Incremental Build of configuration Debug for project userInterface ****
make all 
Invoking: Print Size
avr-size --format=avr --mcu=atmega16 userInterface.elf
AVR Memory Usage
----------------
Device: atmega16

Program:   13076 bytes (79.8% Full)
(.text + .data + .bootloader)

Data:        225 bytes (22.0% Full)
(.data + .bss + .noinit)


Finished building: sizedummy
 
03:13:43 **** Incremental Build of configuration Debug for project systemHandler ****
make all 
Building file: ../system.c
Invoking: AVR Compiler
avr-gcc -Wall -g2 -gstabs -O0 -fpack-struct -fshort-enums -ffunction-sections -fdata-sections -std=gnu99 -funsigned-char -funsigned-bitfields -mmcu=atmega16 -DF_CPU=1000000UL -MMD -MP -MF"system.d" -MT"system.o" -c -o "system.o" "../system.c"
In file included from ../uart.h:13,
                 from ../system.c:8:
c:/winavr-20100110/lib/gcc/../../avr/include/util/delay.h:90:3: warning: #warning "Compiler optimizations disabled; functions from <util/delay.h> won't work as designed"
Finished building: ../system.c
 
Building target: systemHandler.elf
Invoking: AVR C Linker
avr-gcc -Wl,-Map,systemHandler.map -mmcu=atmega16 -o "systemHandler.elf"  ./external_eeprom.o ./i2c.o ./system.o ./timer1.o ./uart.o   
Finished building target: systemHandler.elf
 
Invoking: AVR Create Extended Listing
avr-objdump -h -S systemHandler.elf  >"systemHandler.lss"
Finished building: systemHandler.lss
 
Invoking: Print Size
avr-size --format=avr --mcu=atmega16 systemHandler.elf
AVR Memory Usage
----------------
Device: atmega16

Program:    2040 bytes (12.5% Full)
(.text + .data + .bootloader)

Data:        105 bytes (10.3% Full)
(.data + .bss + .noinit)


Finished building: sizedummy
 
03:13:44 **** Incremental Build of configuration Debug for project userInterface ****
make all 
Invoking: Print Size
avr-size --format=avr --mcu=atmega16 userInterface.elf
AVR Memory Usage
----------------
Device: atmega16

Program:   13076 bytes (79.8% Full)
(.text + .data + .bootloader)

Data:        225 bytes (22.0% Full)
(.data + .bss + .noinit)


Finished building: sizedummy
 
03:14:27 **** Incremental Build of configuration Debug for project systemHandler ****
make all 
Building file: ../system.c
Invoking: AVR Compiler
avr-gcc -Wall -g2 -gstabs -O0 -fpack-struct -fshort-enums -ffunction-sections -fdata-sections -std=gnu99 -funsigned-char -funsigned-bitfields -mmcu=atmega16 -DF_CPU=1000000UL -MMD -MP -MF"system.d" -MT"system.o" -c -o "system.o" "../system.c"
In file included from ../uart.h:13,
                 from ../system.c:8:
c:/winavr-20100110/lib/gcc/../../avr/include/util/delay.h:90:3: warning: #warning "Compiler optimizations disabled; functions from <util/delay.h> won't work as designed"
../system.c:76: error: expected identifier or '(' before '}' token
make: *** [system.o] Error 1
03:14:28 **** Incremental Build of configuration Debug for project userInterface ****
make all 
Invoking: Print Size
avr-size --format=avr --mcu=atmega16 userInterface.elf
AVR Memory Usage
----------------
Device: atmega16

Program:   13076 bytes (79.8% Full)
(.text + .data + .bootloader)

Data:        225 bytes (22.0% Full)
(.data + .bss + .noinit)


Finished building: sizedummy
 
03:14:42 **** Incremental Build of configuration Debug for project systemHandler ****
make all 
Building file: ../system.c
Invoking: AVR Compiler
avr-gcc -Wall -g2 -gstabs -O0 -fpack-struct -fshort-enums -ffunction-sections -fdata-sections -std=gnu99 -funsigned-char -funsigned-bitfields -mmcu=atmega16 -DF_CPU=1000000UL -MMD -MP -MF"system.d" -MT"system.o" -c -o "system.o" "../system.c"
In file included from ../uart.h:13,
                 from ../system.c:8:
c:/winavr-20100110/lib/gcc/../../avr/include/util/delay.h:90:3: warning: #warning "Compiler optimizations disabled; functions from <util/delay.h> won't work as designed"
Finished building: ../system.c
 
Building target: systemHandler.elf
Invoking: AVR C Linker
avr-gcc -Wl,-Map,systemHandler.map -mmcu=atmega16 -o "systemHandler.elf"  ./external_eeprom.o ./i2c.o ./system.o ./timer1.o ./uart.o   
Finished building target: systemHandler.elf
 
Invoking: AVR Create Extended Listing
avr-objdump -h -S systemHandler.elf  >"systemHandler.lss"
Finished building: systemHandler.lss
 
Invoking: Print Size
avr-size --format=avr --mcu=atmega16 systemHandler.elf
AVR Memory Usage
----------------
Device: atmega16

Program:    2010 bytes (12.3% Full)
(.text + .data + .bootloader)

Data:        105 bytes (10.3% Full)
(.data + .bss + .noinit)


Finished building: sizedummy
 
03:14:42 **** Incremental Build of configuration Debug for project userInterface ****
make all 
Invoking: Print Size
avr-size --format=avr --mcu=atmega16 userInterface.elf
AVR Memory Usage
----------------
Device: atmega16

Program:   13076 bytes (79.8% Full)
(.text + .data + .bootloader)

Data:        225 bytes (22.0% Full)
(.data + .bss + .noinit)


Finished building: sizedummy
 
03:15:56 **** Incremental Build of configuration Debug for project systemHandler ****
make all 
Building file: ../system.c
Invoking: AVR Compiler
avr-gcc -Wall -g2 -gstabs -O0 -fpack-struct -fshort-enums -ffunction-sections -fdata-sections -std=gnu99 -funsigned-char -funsigned-bitfields -mmcu=atmega16 -DF_CPU=1000000UL -MMD -MP -MF"system.d" -MT"system.o" -c -o "system.o" "../system.c"
In file included from ../uart.h:13,
                 from ../system.c:8:
c:/winavr-20100110/lib/gcc/../../avr/include/util/delay.h:90:3: warning: #warning "Compiler optimizations disabled; functions from <util/delay.h> won't work as designed"
Finished building: ../system.c
 
Building target: systemHandler.elf
Invoking: AVR C Linker
avr-gcc -Wl,-Map,systemHandler.map -mmcu=atmega16 -o "systemHandler.elf"  ./external_eeprom.o ./i2c.o ./system.o ./timer1.o ./uart.o   
Finished building target: systemHandler.elf
 
Invoking: AVR Create Extended Listing
avr-objdump -h -S systemHandler.elf  >"systemHandler.lss"
Finished building: systemHandler.lss
 
Invoking: Print Size
avr-size --format=avr --mcu=atmega16 systemHandler.elf
AVR Memory Usage
----------------
Device: atmega16

Program:    5348 bytes (32.6% Full)
(.text + .data + .bootloader)

Data:        113 bytes (11.0% Full)
(.data + .bss + .noinit)


Finished building: sizedummy
 
03:15:57 **** Incremental Build of configuration Debug for project userInterface ****
make all 
Invoking: Print Size
avr-size --format=avr --mcu=atmega16 userInterface.elf
AVR Memory Usage
----------------
Device: atmega16

Program:   13076 bytes (79.8% Full)
(.text + .data + .bootloader)

Data:        225 bytes (22.0% Full)
(.data + .bss + .noinit)


Finished building: sizedummy
 
03:16:03 **** Incremental Build of configuration Debug for project systemHandler ****
make all 
Building file: ../system.c
Invoking: AVR Compiler
avr-gcc -Wall -g2 -gstabs -O0 -fpack-struct -fshort-enums -ffunction-sections -fdata-sections -std=gnu99 -funsigned-char -funsigned-bitfields -mmcu=atmega16 -DF_CPU=1000000UL -MMD -MP -MF"system.d" -MT"system.o" -c -o "system.o" "../system.c"
In file included from ../uart.h:13,
                 from ../system.c:8:
c:/winavr-20100110/lib/gcc/../../avr/include/util/delay.h:90:3: warning: #warning "Compiler optimizations disabled; functions from <util/delay.h> won't work as designed"
Finished building: ../system.c
 
Building target: systemHandler.elf
Invoking: AVR C Linker
avr-gcc -Wl,-Map,systemHandler.map -mmcu=atmega16 -o "systemHandler.elf"  ./external_eeprom.o ./i2c.o ./system.o ./timer1.o ./uart.o   
Finished building target: systemHandler.elf
 
Invoking: AVR Create Extended Listing
avr-objdump -h -S systemHandler.elf  >"systemHandler.lss"
Finished building: systemHandler.lss
 
Invoking: Print Size
avr-size --format=avr --mcu=atmega16 systemHandler.elf
AVR Memory Usage
----------------
Device: atmega16

Program:    5348 bytes (32.6% Full)
(.text + .data + .bootloader)

Data:        113 bytes (11.0% Full)
(.data + .bss + .noinit)


Finished building: sizedummy
 
03:16:04 **** Incremental Build of configuration Debug for project userInterface ****
make all 
Invoking: Print Size
avr-size --format=avr --mcu=atmega16 userInterface.elf
AVR Memory Usage
----------------
Device: atmega16

Program:   13076 bytes (79.8% Full)
(.text + .data + .bootloader)

Data:        225 bytes (22.0% Full)
(.data + .bss + .noinit)


Finished building: sizedummy
 
03:17:53 **** Incremental Build of configuration Debug for project systemHandler ****
make all 
Building file: ../system.c
Invoking: AVR Compiler
avr-gcc -Wall -g2 -gstabs -O0 -fpack-struct -fshort-enums -ffunction-sections -fdata-sections -std=gnu99 -funsigned-char -funsigned-bitfields -mmcu=atmega16 -DF_CPU=1000000UL -MMD -MP -MF"system.d" -MT"system.o" -c -o "system.o" "../system.c"
In file included from ../uart.h:13,
                 from ../system.c:8:
c:/winavr-20100110/lib/gcc/../../avr/include/util/delay.h:90:3: warning: #warning "Compiler optimizations disabled; functions from <util/delay.h> won't work as designed"
Finished building: ../system.c
 
Building target: systemHandler.elf
Invoking: AVR C Linker
avr-gcc -Wl,-Map,systemHandler.map -mmcu=atmega16 -o "systemHandler.elf"  ./external_eeprom.o ./i2c.o ./system.o ./timer1.o ./uart.o   
Finished building target: systemHandler.elf
 
Invoking: AVR Create Extended Listing
avr-objdump -h -S systemHandler.elf  >"systemHandler.lss"
Finished building: systemHandler.lss
 
Invoking: Print Size
avr-size --format=avr --mcu=atmega16 systemHandler.elf
AVR Memory Usage
----------------
Device: atmega16

Program:    5832 bytes (35.6% Full)
(.text + .data + .bootloader)

Data:        113 bytes (11.0% Full)
(.data + .bss + .noinit)


Finished building: sizedummy
 
03:17:53 **** Incremental Build of configuration Debug for project userInterface ****
make all 
Invoking: Print Size
avr-size --format=avr --mcu=atmega16 userInterface.elf
AVR Memory Usage
----------------
Device: atmega16

Program:   13076 bytes (79.8% Full)
(.text + .data + .bootloader)

Data:        225 bytes (22.0% Full)
(.data + .bss + .noinit)


Finished building: sizedummy
 
03:17:59 **** Incremental Build of configuration Debug for project systemHandler ****
make all 
Building file: ../system.c
Invoking: AVR Compiler
avr-gcc -Wall -g2 -gstabs -O0 -fpack-struct -fshort-enums -ffunction-sections -fdata-sections -std=gnu99 -funsigned-char -funsigned-bitfields -mmcu=atmega16 -DF_CPU=1000000UL -MMD -MP -MF"system.d" -MT"system.o" -c -o "system.o" "../system.c"
In file included from ../uart.h:13,
                 from ../system.c:8:
c:/winavr-20100110/lib/gcc/../../avr/include/util/delay.h:90:3: warning: #warning "Compiler optimizations disabled; functions from <util/delay.h> won't work as designed"
Finished building: ../system.c
 
Building target: systemHandler.elf
Invoking: AVR C Linker
avr-gcc -Wl,-Map,systemHandler.map -mmcu=atmega16 -o "systemHandler.elf"  ./external_eeprom.o ./i2c.o ./system.o ./timer1.o ./uart.o   
Finished building target: systemHandler.elf
 
Invoking: AVR Create Extended Listing
avr-objdump -h -S systemHandler.elf  >"systemHandler.lss"
Finished building: systemHandler.lss
 
Invoking: Print Size
avr-size --format=avr --mcu=atmega16 systemHandler.elf
AVR Memory Usage
----------------
Device: atmega16

Program:    5832 bytes (35.6% Full)
(.text + .data + .bootloader)

Data:        113 bytes (11.0% Full)
(.data + .bss + .noinit)


Finished building: sizedummy
 
03:18:00 **** Incremental Build of configuration Debug for project userInterface ****
make all 
Invoking: Print Size
avr-size --format=avr --mcu=atmega16 userInterface.elf
AVR Memory Usage
----------------
Device: atmega16

Program:   13076 bytes (79.8% Full)
(.text + .data + .bootloader)

Data:        225 bytes (22.0% Full)
(.data + .bss + .noinit)


Finished building: sizedummy
 
03:19:45 **** Incremental Build of configuration Debug for project systemHandler ****
make all 
Building file: ../system.c
Invoking: AVR Compiler
avr-gcc -Wall -g2 -gstabs -O0 -fpack-struct -fshort-enums -ffunction-sections -fdata-sections -std=gnu99 -funsigned-char -funsigned-bitfields -mmcu=atmega16 -DF_CPU=1000000UL -MMD -MP -MF"system.d" -MT"system.o" -c -o "system.o" "../system.c"
In file included from ../uart.h:13,
                 from ../system.c:8:
c:/winavr-20100110/lib/gcc/../../avr/include/util/delay.h:90:3: warning: #warning "Compiler optimizations disabled; functions from <util/delay.h> won't work as designed"
Finished building: ../system.c
 
Building target: systemHandler.elf
Invoking: AVR C Linker
avr-gcc -Wl,-Map,systemHandler.map -mmcu=atmega16 -o "systemHandler.elf"  ./external_eeprom.o ./i2c.o ./system.o ./timer1.o ./uart.o   
Finished building target: systemHandler.elf
 
Invoking: AVR Create Extended Listing
avr-objdump -h -S systemHandler.elf  >"systemHandler.lss"
Finished building: systemHandler.lss
 
Invoking: Print Size
avr-size --format=avr --mcu=atmega16 systemHandler.elf
AVR Memory Usage
----------------
Device: atmega16

Program:    5836 bytes (35.6% Full)
(.text + .data + .bootloader)

Data:        113 bytes (11.0% Full)
(.data + .bss + .noinit)


Finished building: sizedummy
 
03:19:46 **** Incremental Build of configuration Debug for project userInterface ****
make all 
Invoking: Print Size
avr-size --format=avr --mcu=atmega16 userInterface.elf
AVR Memory Usage
----------------
Device: atmega16

Program:   13076 bytes (79.8% Full)
(.text + .data + .bootloader)

Data:        225 bytes (22.0% Full)
(.data + .bss + .noinit)


Finished building: sizedummy
 
03:21:47 **** Incremental Build of configuration Debug for project systemHandler ****
make all 
Building file: ../system.c
Invoking: AVR Compiler
avr-gcc -Wall -g2 -gstabs -O0 -fpack-struct -fshort-enums -ffunction-sections -fdata-sections -std=gnu99 -funsigned-char -funsigned-bitfields -mmcu=atmega16 -DF_CPU=1000000UL -MMD -MP -MF"system.d" -MT"system.o" -c -o "system.o" "../system.c"
In file included from ../uart.h:13,
                 from ../system.c:8:
c:/winavr-20100110/lib/gcc/../../avr/include/util/delay.h:90:3: warning: #warning "Compiler optimizations disabled; functions from <util/delay.h> won't work as designed"
Finished building: ../system.c
 
Building target: systemHandler.elf
Invoking: AVR C Linker
avr-gcc -Wl,-Map,systemHandler.map -mmcu=atmega16 -o "systemHandler.elf"  ./external_eeprom.o ./i2c.o ./system.o ./timer1.o ./uart.o   
Finished building target: systemHandler.elf
 
Invoking: AVR Create Extended Listing
avr-objdump -h -S systemHandler.elf  >"systemHandler.lss"
Finished building: systemHandler.lss
 
Invoking: Print Size
avr-size --format=avr --mcu=atmega16 systemHandler.elf
AVR Memory Usage
----------------
Device: atmega16

Program:    5842 bytes (35.7% Full)
(.text + .data + .bootloader)

Data:        113 bytes (11.0% Full)
(.data + .bss + .noinit)


Finished building: sizedummy
 
03:21:47 **** Incremental Build of configuration Debug for project userInterface ****
make all 
Building file: ../userInterface.c
Invoking: AVR Compiler
avr-gcc -Wall -g2 -gstabs -O0 -fpack-struct -fshort-enums -ffunction-sections -fdata-sections -std=gnu99 -funsigned-char -funsigned-bitfields -mmcu=atmega16 -DF_CPU=1000000UL -MMD -MP -MF"userInterface.d" -MT"userInterface.o" -c -o "userInterface.o" "../userInterface.c"
In file included from ../lcd.h:14,
                 from ../userinterfaceFunctions.h:13,
                 from ../userInterface.c:11:
c:/winavr-20100110/lib/gcc/../../avr/include/util/delay.h:90:3: warning: #warning "Compiler optimizations disabled; functions from <util/delay.h> won't work as designed"
Finished building: ../userInterface.c
 
Building target: userInterface.elf
Invoking: AVR C Linker
avr-gcc -Wl,-Map,userInterface.map -mmcu=atmega16 -o "userInterface.elf"  ./keypad.o ./lcd.o ./uart.o ./userInterface.o ./userinterfaceFunctions.o   
Finished building target: userInterface.elf
 
Invoking: AVR Create Extended Listing
avr-objdump -h -S userInterface.elf  >"userInterface.lss"
Finished building: userInterface.lss
 
Invoking: Print Size
avr-size --format=avr --mcu=atmega16 userInterface.elf
AVR Memory Usage
----------------
Device: atmega16

Program:   13102 bytes (80.0% Full)
(.text + .data + .bootloader)

Data:        225 bytes (22.0% Full)
(.data + .bss + .noinit)


Finished building: sizedummy
 
03:21:50 **** Incremental Build of configuration Debug for project systemHandler ****
make all 
Invoking: Print Size
avr-size --format=avr --mcu=atmega16 systemHandler.elf
AVR Memory Usage
----------------
Device: atmega16

Program:    5842 bytes (35.7% Full)
(.text + .data + .bootloader)

Data:        113 bytes (11.0% Full)
(.data + .bss + .noinit)


Finished building: sizedummy
 
03:21:50 **** Incremental Build of configuration Debug for project userInterface ****
make all 
Invoking: Print Size
avr-size --format=avr --mcu=atmega16 userInterface.elf
AVR Memory Usage
----------------
Device: atmega16

Program:   13102 bytes (80.0% Full)
(.text + .data + .bootloader)

Data:        225 bytes (22.0% Full)
(.data + .bss + .noinit)


Finished building: sizedummy
 
03:22:27 **** Incremental Build of configuration Debug for project systemHandler ****
make all 
Building file: ../system.c
Invoking: AVR Compiler
avr-gcc -Wall -g2 -gstabs -O0 -fpack-struct -fshort-enums -ffunction-sections -fdata-sections -std=gnu99 -funsigned-char -funsigned-bitfields -mmcu=atmega16 -DF_CPU=1000000UL -MMD -MP -MF"system.d" -MT"system.o" -c -o "system.o" "../system.c"
In file included from ../uart.h:13,
                 from ../system.c:8:
c:/winavr-20100110/lib/gcc/../../avr/include/util/delay.h:90:3: warning: #warning "Compiler optimizations disabled; functions from <util/delay.h> won't work as designed"
Finished building: ../system.c
 
Building target: systemHandler.elf
Invoking: AVR C Linker
avr-gcc -Wl,-Map,systemHandler.map -mmcu=atmega16 -o "systemHandler.elf"  ./external_eeprom.o ./i2c.o ./system.o ./timer1.o ./uart.o   
Finished building target: systemHandler.elf
 
Invoking: AVR Create Extended Listing
avr-objdump -h -S systemHandler.elf  >"systemHandler.lss"
Finished building: systemHandler.lss
 
Invoking: Print Size
avr-size --format=avr --mcu=atmega16 systemHandler.elf
AVR Memory Usage
----------------
Device: atmega16

Program:    5842 bytes (35.7% Full)
(.text + .data + .bootloader)

Data:        113 bytes (11.0% Full)
(.data + .bss + .noinit)


Finished building: sizedummy
 
03:22:28 **** Incremental Build of configuration Debug for project userInterface ****
make all 
Invoking: Print Size
avr-size --format=avr --mcu=atmega16 userInterface.elf
AVR Memory Usage
----------------
Device: atmega16

Program:   13102 bytes (80.0% Full)
(.text + .data + .bootloader)

Data:        225 bytes (22.0% Full)
(.data + .bss + .noinit)


Finished building: sizedummy
 
03:22:35 **** Incremental Build of configuration Debug for project systemHandler ****
make all 
Building file: ../system.c
Invoking: AVR Compiler
avr-gcc -Wall -g2 -gstabs -O0 -fpack-struct -fshort-enums -ffunction-sections -fdata-sections -std=gnu99 -funsigned-char -funsigned-bitfields -mmcu=atmega16 -DF_CPU=1000000UL -MMD -MP -MF"system.d" -MT"system.o" -c -o "system.o" "../system.c"
In file included from ../uart.h:13,
                 from ../system.c:8:
c:/winavr-20100110/lib/gcc/../../avr/include/util/delay.h:90:3: warning: #warning "Compiler optimizations disabled; functions from <util/delay.h> won't work as designed"
Finished building: ../system.c
 
Building target: systemHandler.elf
Invoking: AVR C Linker
avr-gcc -Wl,-Map,systemHandler.map -mmcu=atmega16 -o "systemHandler.elf"  ./external_eeprom.o ./i2c.o ./system.o ./timer1.o ./uart.o   
Finished building target: systemHandler.elf
 
Invoking: AVR Create Extended Listing
avr-objdump -h -S systemHandler.elf  >"systemHandler.lss"
Finished building: systemHandler.lss
 
Invoking: Print Size
avr-size --format=avr --mcu=atmega16 systemHandler.elf
AVR Memory Usage
----------------
Device: atmega16

Program:    5842 bytes (35.7% Full)
(.text + .data + .bootloader)

Data:        113 bytes (11.0% Full)
(.data + .bss + .noinit)


Finished building: sizedummy
 
03:22:35 **** Incremental Build of configuration Debug for project userInterface ****
make all 
Invoking: Print Size
avr-size --format=avr --mcu=atmega16 userInterface.elf
AVR Memory Usage
----------------
Device: atmega16

Program:   13102 bytes (80.0% Full)
(.text + .data + .bootloader)

Data:        225 bytes (22.0% Full)
(.data + .bss + .noinit)


Finished building: sizedummy
 
03:22:37 **** Incremental Build of configuration Debug for project systemHandler ****
make all 
Invoking: Print Size
avr-size --format=avr --mcu=atmega16 systemHandler.elf
AVR Memory Usage
----------------
Device: atmega16

Program:    5842 bytes (35.7% Full)
(.text + .data + .bootloader)

Data:        113 bytes (11.0% Full)
(.data + .bss + .noinit)


Finished building: sizedummy
 
03:22:38 **** Incremental Build of configuration Debug for project userInterface ****
make all 
Invoking: Print Size
avr-size --format=avr --mcu=atmega16 userInterface.elf
AVR Memory Usage
----------------
Device: atmega16

Program:   13102 bytes (80.0% Full)
(.text + .data + .bootloader)

Data:        225 bytes (22.0% Full)
(.data + .bss + .noinit)


Finished building: sizedummy
 
